<?xml version="1.0" encoding="utf-8"?><testsuites name="pytest tests"><testsuite name="pytest" errors="0" failures="0" skipped="0" tests="16" time="0.332" timestamp="2026-06-30T16:09:14.957153-03:00" hostname="SchneiderDESK"><testcase classname="backend.tests.test_dashboard_routes" name="test_dashboard_retorna_200_e_estrutura_completa" time="0.012" /><testcase classname="backend.tests.test_dashboard_routes" name="test_dashboard_calcula_crescimento_percentual_corretamente" time="0.006" /><testcase classname="backend.tests.test_dashboard_routes" name="test_dashboard_crescimento_quando_nao_havia_semana_anterior" time="0.058" /><testcase classname="backend.tests.test_dashboard_routes" name="test_dashboard_banco_vazio_nao_gera_divisao_por_zero" time="0.005" /><testcase classname="backend.tests.test_dashboard_routes" name="test_dashboard_agrupa_regioes_por_macro_regiao_via_regex" time="0.006" /><testcase classname="backend.tests.test_dashboard_routes" name="test_dashboard_ultimas_noticias_inclui_nome_da_regiao" time="0.007" /><testcase classname="backend.tests.test_mapa_routes" name="test_mapa_retorna_feature_collection_valida" time="0.007" /><testcase classname="backend.tests.test_mapa_routes" name="test_mapa_descarta_noticias_com_geometria_nula" time="0.005" /><testcase classname="backend.tests.test_mapa_routes" name="test_mapa_sem_noticias_retorna_features_vazio" time="0.005" /><testcase classname="backend.tests.test_noticias_routes" name="test_listar_noticias_retorna_200_com_regiao_aninhada" time="0.011" /><testcase classname="backend.tests.test_noticias_routes" name="test_listar_noticias_aplica_offset_via_query_param" time="0.006" /><testcase classname="backend.tests.test_noticias_routes" name="test_listar_noticias_lista_vazia_retorna_array_vazio" time="0.008" /><testcase classname="backend.tests.test_noticias_routes" name="test_listar_noticias_falha_serializacao_quando_campo_obrigatorio_falta" time="0.005" /><testcase classname="backend.tests.test_noticias_routes" name="test_ler_noticia_retorna_200_quando_encontrada" time="0.007" /><testcase classname="backend.tests.test_noticias_routes" name="test_ler_noticia_retorna_404_quando_nao_encontrada" time="0.007" /><testcase classname="backend.tests.test_noticias_routes" name="test_ler_noticia_com_id_invalido_retorna_422" time="0.006" /></testsuite></testsuites>