<?xml version="1.0" encoding="utf-8"?><testsuites name="pytest tests"><testsuite name="pytest" errors="0" failures="0" skipped="0" tests="4" time="22.176" timestamp="2026-06-30T16:08:14.226515-03:00" hostname="SchneiderDESK"><testcase classname="backend.tests.integration.test_dashboard_integration" name="test_portais_ilike_e_case_insensitive_no_postgres" time="15.047" /><testcase classname="backend.tests.integration.test_dashboard_integration" name="test_agrupamento_de_noticias_por_dia_no_postgres" time="3.369" /><testcase classname="backend.tests.integration.test_dashboard_integration" name="test_regiao_com_uf_e_corretamente_extraida_via_regex_no_postgres" time="2.661" /><testcase classname="backend.tests.integration.test_dashboard_integration" name="test_mapa_geojson_real_via_postgis" time="1.041" /></testsuite></testsuites>