<?xml version="1.0" encoding="utf-8"?><testsuites name="pytest tests"><testsuite name="pytest" errors="0" failures="0" skipped="0" tests="4" time="52.483" timestamp="2026-06-30T16:10:03.991699-03:00" hostname="SchneiderDESK"><testcase classname="backend.tests.integration.test_dashboard_integration" name="test_portais_ilike_e_case_insensitive_no_postgres" time="38.317" /><testcase classname="backend.tests.integration.test_dashboard_integration" name="test_agrupamento_de_noticias_por_dia_no_postgres" time="6.250" /><testcase classname="backend.tests.integration.test_dashboard_integration" name="test_regiao_com_uf_e_corretamente_extraida_via_regex_no_postgres" time="5.365" /><testcase classname="backend.tests.integration.test_dashboard_integration" name="test_mapa_geojson_real_via_postgis" time="2.488" /></testsuite></testsuites>